<?xml version="1.0" encoding="UTF-8"?>
<!-- Generated by org.testng.reporters.JUnitXMLReporter -->
<testsuite ignored="0" hostname="DESKTOP-AQGG3RQ" failures="1" tests="1" name="Test" time="3.527" errors="0" timestamp="2023-04-23T14:26:15 MYT">
  <testcase classname="com.lynx.test.LynxTest" name="test1" time="3.161">
    <failure type="java.lang.NullPointerException" message="Cannot invoke &amp;quot;org.openqa.selenium.WebDriver.get(String)&amp;quot; because &amp;quot;com.lynx.test.LynxTest.driver&amp;quot; is null">
      <![CDATA[java.lang.NullPointerException: Cannot invoke "org.openqa.selenium.WebDriver.get(String)" because "com.lynx.test.LynxTest.driver" is null
at com.lynx.test.LynxTest.test1(LynxTest.java:18)
at java.base/java.util.ArrayList.forEach(ArrayList.java:1511)
... Removed 27 stack frames]]>
    </failure>
  </testcase> <!-- test1 -->
</testsuite> <!-- Test -->
